<?xml version="1.0" encoding="UTF-8"?>
<!-- Generated by org.testng.reporters.JUnitReportReporter -->
<testsuite hostname="DESKTOP-H2MVDTJ" failures="0" tests="1" name="Academy.ContactusTest" time="5.779" errors="0" timestamp="2021-07-30T18:11:04 MDT" skipped="0">
  <testcase classname="Academy.ContactusTest" name="basePageNavigation" time="5.779"/>
  <system-out/>
</testsuite> <!-- Academy.ContactusTest -->
