<?xml version="1.0" encoding="UTF-8"?>
<!-- Generated by org.testng.reporters.JUnitReportReporter -->
<testsuite hostname="DESKTOP-H2MVDTJ" failures="0" tests="3" name="Academy.HomePage" time="54.147" errors="0" timestamp="2021-07-31T12:19:01 MDT" skipped="0">
  <testcase classname="Academy.HomePage" name="basePageNavigation" time="17.220"/>
  <system-out/>
  <testcase classname="Academy.HomePage" name="basePageNavigation" time="17.864"/>
  <system-out/>
  <testcase classname="Academy.HomePage" name="basePageNavigation" time="19.063"/>
  <system-out/>
</testsuite> <!-- Academy.HomePage -->
