<?xml version="1.0" encoding="UTF-8"?>
<!-- Generated by org.testng.reporters.JUnitReportReporter -->
<testsuite hostname="DESKTOP-H2MVDTJ" failures="0" tests="3" name="Academy.HomePage" time="47.982" errors="0" timestamp="31 Jul 2021 20:19:05 GMT">
  <testcase classname="Academy.HomePage" name="basePageNavigation" time="14.850"/>
  <testcase classname="Academy.HomePage" name="basePageNavigation" time="18.156"/>
  <testcase classname="Academy.HomePage" name="basePageNavigation" time="14.976"/>
</testsuite> <!-- Academy.HomePage -->
