<?xml version="1.0" encoding="UTF-8"?>
<!-- Generated by org.testng.reporters.JUnitReportReporter -->
<testsuite hostname="DESKTOP-H2MVDTJ" failures="0" tests="1" name="Academy.ContactusTest" time="5.807" errors="0" timestamp="31 Jul 2021 20:19:05 GMT">
  <testcase classname="Academy.ContactusTest" name="basePageNavigation" time="5.807"/>
</testsuite> <!-- Academy.ContactusTest -->
